mode: atomic
github.com/y-maeda1116/discord-trans-helper/internal/translator/translator.go:36.41,39.178 2 6
github.com/y-maeda1116/discord-trans-helper/internal/translator/translator.go:39.178,41.3 1 3
github.com/y-maeda1116/discord-trans-helper/internal/translator/translator.go:42.2,42.13 1 3
github.com/y-maeda1116/discord-trans-helper/internal/translator/translator.go:46.61,49.24 3 0
github.com/y-maeda1116/discord-trans-helper/internal/translator/translator.go:49.24,51.3 1 0
github.com/y-maeda1116/discord-trans-helper/internal/translator/translator.go:53.2,60.16 3 0
github.com/y-maeda1116/discord-trans-helper/internal/translator/translator.go:60.16,62.3 1 0
github.com/y-maeda1116/discord-trans-helper/internal/translator/translator.go:64.2,65.16 2 0
github.com/y-maeda1116/discord-trans-helper/internal/translator/translator.go:65.16,67.3 1 0
github.com/y-maeda1116/discord-trans-helper/internal/translator/translator.go:69.2,74.16 5 0
github.com/y-maeda1116/discord-trans-helper/internal/translator/translator.go:74.16,76.3 1 0
github.com/y-maeda1116/discord-trans-helper/internal/translator/translator.go:77.2,80.16 3 0
github.com/y-maeda1116/discord-trans-helper/internal/translator/translator.go:80.16,82.3 1 0
github.com/y-maeda1116/discord-trans-helper/internal/translator/translator.go:84.2,84.38 1 0
github.com/y-maeda1116/discord-trans-helper/internal/translator/translator.go:84.38,86.3 1 0
github.com/y-maeda1116/discord-trans-helper/internal/translator/translator.go:88.2,89.54 2 0
github.com/y-maeda1116/discord-trans-helper/internal/translator/translator.go:89.54,91.3 1 0
github.com/y-maeda1116/discord-trans-helper/internal/translator/translator.go:93.2,93.35 1 0
github.com/y-maeda1116/discord-trans-helper/internal/translator/translator.go:93.35,95.3 1 0
github.com/y-maeda1116/discord-trans-helper/internal/translator/translator.go:97.2,97.84 1 0
github.com/y-maeda1116/discord-trans-helper/internal/translator/translator.go:101.91,106.19 3 0
github.com/y-maeda1116/discord-trans-helper/internal/translator/translator.go:106.19,115.3 2 0
github.com/y-maeda1116/discord-trans-helper/internal/translator/translator.go:118.2,123.17 1 0
github.com/y-maeda1116/discord-trans-helper/internal/translator/translator.go:123.17,125.3 1 0
github.com/y-maeda1116/discord-trans-helper/internal/translator/translator.go:128.2,129.16 2 0
github.com/y-maeda1116/discord-trans-helper/internal/translator/translator.go:129.16,134.3 2 0
github.com/y-maeda1116/discord-trans-helper/internal/translator/translator.go:137.2,139.4 1 0
github.com/y-maeda1116/discord-trans-helper/ts/node_modules/flatted/golang/pkg/flatted/flatted.go:16.68,21.30 4 0
github.com/y-maeda1116/discord-trans-helper/ts/node_modules/flatted/golang/pkg/flatted/flatted.go:21.30,27.3 5 0
github.com/y-maeda1116/discord-trans-helper/ts/node_modules/flatted/golang/pkg/flatted/flatted.go:29.2,29.28 1 0
github.com/y-maeda1116/discord-trans-helper/ts/node_modules/flatted/golang/pkg/flatted/flatted.go:29.28,30.15 1 0
github.com/y-maeda1116/discord-trans-helper/ts/node_modules/flatted/golang/pkg/flatted/flatted.go:30.15,32.4 1 0
github.com/y-maeda1116/discord-trans-helper/ts/node_modules/flatted/golang/pkg/flatted/flatted.go:33.3,35.100 3 0
github.com/y-maeda1116/discord-trans-helper/ts/node_modules/flatted/golang/pkg/flatted/flatted.go:35.100,36.32 1 0
github.com/y-maeda1116/discord-trans-helper/ts/node_modules/flatted/golang/pkg/flatted/flatted.go:36.32,37.31 1 0
github.com/y-maeda1116/discord-trans-helper/ts/node_modules/flatted/golang/pkg/flatted/flatted.go:37.31,38.16 1 0
github.com/y-maeda1116/discord-trans-helper/ts/node_modules/flatted/golang/pkg/flatted/flatted.go:38.16,40.7 1 0
github.com/y-maeda1116/discord-trans-helper/ts/node_modules/flatted/golang/pkg/flatted/flatted.go:41.11,43.59 2 0
github.com/y-maeda1116/discord-trans-helper/ts/node_modules/flatted/golang/pkg/flatted/flatted.go:43.59,45.7 1 0
github.com/y-maeda1116/discord-trans-helper/ts/node_modules/flatted/golang/pkg/flatted/flatted.go:48.4,48.19 1 0
github.com/y-maeda1116/discord-trans-helper/ts/node_modules/flatted/golang/pkg/flatted/flatted.go:50.3,50.11 1 0
github.com/y-maeda1116/discord-trans-helper/ts/node_modules/flatted/golang/pkg/flatted/flatted.go:53.2,53.31 1 0
github.com/y-maeda1116/discord-trans-helper/ts/node_modules/flatted/golang/pkg/flatted/flatted.go:53.31,55.20 2 0
github.com/y-maeda1116/discord-trans-helper/ts/node_modules/flatted/golang/pkg/flatted/flatted.go:55.20,57.4 1 0
github.com/y-maeda1116/discord-trans-helper/ts/node_modules/flatted/golang/pkg/flatted/flatted.go:58.3,58.38 1 0
github.com/y-maeda1116/discord-trans-helper/ts/node_modules/flatted/golang/pkg/flatted/flatted.go:58.38,60.4 1 0
github.com/y-maeda1116/discord-trans-helper/ts/node_modules/flatted/golang/pkg/flatted/flatted.go:62.3,62.47 1 0
github.com/y-maeda1116/discord-trans-helper/ts/node_modules/flatted/golang/pkg/flatted/flatted.go:62.47,64.4 1 0
github.com/y-maeda1116/discord-trans-helper/ts/node_modules/flatted/golang/pkg/flatted/flatted.go:65.3,65.20 1 0
github.com/y-maeda1116/discord-trans-helper/ts/node_modules/flatted/golang/pkg/flatted/flatted.go:66.37,68.34 2 0
github.com/y-maeda1116/discord-trans-helper/ts/node_modules/flatted/golang/pkg/flatted/flatted.go:68.34,70.5 1 0
github.com/y-maeda1116/discord-trans-helper/ts/node_modules/flatted/golang/pkg/flatted/flatted.go:71.4,71.14 1 0
github.com/y-maeda1116/discord-trans-helper/ts/node_modules/flatted/golang/pkg/flatted/flatted.go:72.20,75.41 3 0
github.com/y-maeda1116/discord-trans-helper/ts/node_modules/flatted/golang/pkg/flatted/flatted.go:75.41,77.5 1 0
github.com/y-maeda1116/discord-trans-helper/ts/node_modules/flatted/golang/pkg/flatted/flatted.go:79.4,80.29 2 0
github.com/y-maeda1116/discord-trans-helper/ts/node_modules/flatted/golang/pkg/flatted/flatted.go:80.29,82.20 2 0
github.com/y-maeda1116/discord-trans-helper/ts/node_modules/flatted/golang/pkg/flatted/flatted.go:82.20,84.34 2 0
github.com/y-maeda1116/discord-trans-helper/ts/node_modules/flatted/golang/pkg/flatted/flatted.go:84.34,85.20 1 0
github.com/y-maeda1116/discord-trans-helper/ts/node_modules/flatted/golang/pkg/flatted/flatted.go:85.20,87.13 2 0
github.com/y-maeda1116/discord-trans-helper/ts/node_modules/flatted/golang/pkg/flatted/flatted.go:90.6,90.16 1 0
github.com/y-maeda1116/discord-trans-helper/ts/node_modules/flatted/golang/pkg/flatted/flatted.go:90.16,91.15 1 0
github.com/y-maeda1116/discord-trans-helper/ts/node_modules/flatted/golang/pkg/flatted/flatted.go:94.5,94.53 1 0
github.com/y-maeda1116/discord-trans-helper/ts/node_modules/flatted/golang/pkg/flatted/flatted.go:96.4,96.14 1 0
github.com/y-maeda1116/discord-trans-helper/ts/node_modules/flatted/golang/pkg/flatted/flatted.go:97.23,100.39 3 0
github.com/y-maeda1116/discord-trans-helper/ts/node_modules/flatted/golang/pkg/flatted/flatted.go:100.39,102.28 2 0
github.com/y-maeda1116/discord-trans-helper/ts/node_modules/flatted/golang/pkg/flatted/flatted.go:102.28,103.14 1 0
github.com/y-maeda1116/discord-trans-helper/ts/node_modules/flatted/golang/pkg/flatted/flatted.go:105.5,106.48 2 0
github.com/y-maeda1116/discord-trans-helper/ts/node_modules/flatted/golang/pkg/flatted/flatted.go:106.48,108.6 1 0
github.com/y-maeda1116/discord-trans-helper/ts/node_modules/flatted/golang/pkg/flatted/flatted.go:109.5,109.48 1 0
github.com/y-maeda1116/discord-trans-helper/ts/node_modules/flatted/golang/pkg/flatted/flatted.go:111.4,111.14 1 0
github.com/y-maeda1116/discord-trans-helper/ts/node_modules/flatted/golang/pkg/flatted/flatted.go:112.11,113.12 1 0
github.com/y-maeda1116/discord-trans-helper/ts/node_modules/flatted/golang/pkg/flatted/flatted.go:117.2,119.34 3 0
github.com/y-maeda1116/discord-trans-helper/ts/node_modules/flatted/golang/pkg/flatted/flatted.go:119.34,121.3 1 0
github.com/y-maeda1116/discord-trans-helper/ts/node_modules/flatted/golang/pkg/flatted/flatted.go:123.2,126.33 4 0
github.com/y-maeda1116/discord-trans-helper/ts/node_modules/flatted/golang/pkg/flatted/flatted.go:126.33,128.3 1 0
github.com/y-maeda1116/discord-trans-helper/ts/node_modules/flatted/golang/pkg/flatted/flatted.go:128.8,128.37 1 0
github.com/y-maeda1116/discord-trans-helper/ts/node_modules/flatted/golang/pkg/flatted/flatted.go:128.37,130.3 1 0
github.com/y-maeda1116/discord-trans-helper/ts/node_modules/flatted/golang/pkg/flatted/flatted.go:132.2,132.18 1 0
github.com/y-maeda1116/discord-trans-helper/ts/node_modules/flatted/golang/pkg/flatted/flatted.go:132.18,134.3 1 0
github.com/y-maeda1116/discord-trans-helper/ts/node_modules/flatted/golang/pkg/flatted/flatted.go:134.8,136.3 1 0
github.com/y-maeda1116/discord-trans-helper/ts/node_modules/flatted/golang/pkg/flatted/flatted.go:138.2,138.16 1 0
github.com/y-maeda1116/discord-trans-helper/ts/node_modules/flatted/golang/pkg/flatted/flatted.go:138.16,140.3 1 0
github.com/y-maeda1116/discord-trans-helper/ts/node_modules/flatted/golang/pkg/flatted/flatted.go:141.2,141.23 1 0
github.com/y-maeda1116/discord-trans-helper/ts/node_modules/flatted/golang/pkg/flatted/flatted.go:145.79,147.65 2 0
github.com/y-maeda1116/discord-trans-helper/ts/node_modules/flatted/golang/pkg/flatted/flatted.go:147.65,149.3 1 0
github.com/y-maeda1116/discord-trans-helper/ts/node_modules/flatted/golang/pkg/flatted/flatted.go:151.2,152.25 2 0
github.com/y-maeda1116/discord-trans-helper/ts/node_modules/flatted/golang/pkg/flatted/flatted.go:152.25,153.30 1 0
github.com/y-maeda1116/discord-trans-helper/ts/node_modules/flatted/golang/pkg/flatted/flatted.go:153.30,155.4 1 0
github.com/y-maeda1116/discord-trans-helper/ts/node_modules/flatted/golang/pkg/flatted/flatted.go:156.3,156.31 1 0
github.com/y-maeda1116/discord-trans-helper/ts/node_modules/flatted/golang/pkg/flatted/flatted.go:156.31,157.29 1 0
github.com/y-maeda1116/discord-trans-helper/ts/node_modules/flatted/golang/pkg/flatted/flatted.go:157.29,159.5 1 0
github.com/y-maeda1116/discord-trans-helper/ts/node_modules/flatted/golang/pkg/flatted/flatted.go:160.4,160.14 1 0
github.com/y-maeda1116/discord-trans-helper/ts/node_modules/flatted/golang/pkg/flatted/flatted.go:162.3,162.38 1 0
github.com/y-maeda1116/discord-trans-helper/ts/node_modules/flatted/golang/pkg/flatted/flatted.go:162.38,163.27 1 0
github.com/y-maeda1116/discord-trans-helper/ts/node_modules/flatted/golang/pkg/flatted/flatted.go:163.27,165.5 1 0
github.com/y-maeda1116/discord-trans-helper/ts/node_modules/flatted/golang/pkg/flatted/flatted.go:166.4,166.12 1 0
github.com/y-maeda1116/discord-trans-helper/ts/node_modules/flatted/golang/pkg/flatted/flatted.go:168.3,168.11 1 0
github.com/y-maeda1116/discord-trans-helper/ts/node_modules/flatted/golang/pkg/flatted/flatted.go:171.2,172.30 2 0
github.com/y-maeda1116/discord-trans-helper/ts/node_modules/flatted/golang/pkg/flatted/flatted.go:172.30,174.3 1 0
github.com/y-maeda1116/discord-trans-helper/ts/node_modules/flatted/golang/pkg/flatted/flatted.go:176.2,177.28 2 0
github.com/y-maeda1116/discord-trans-helper/ts/node_modules/flatted/golang/pkg/flatted/flatted.go:177.28,178.37 1 0
github.com/y-maeda1116/discord-trans-helper/ts/node_modules/flatted/golang/pkg/flatted/flatted.go:178.37,180.4 1 0
github.com/y-maeda1116/discord-trans-helper/ts/node_modules/flatted/golang/pkg/flatted/flatted.go:180.9,182.4 1 0
github.com/y-maeda1116/discord-trans-helper/ts/node_modules/flatted/golang/pkg/flatted/flatted.go:185.2,185.21 1 0
github.com/y-maeda1116/discord-trans-helper/ts/node_modules/flatted/golang/pkg/flatted/flatted.go:185.21,187.3 1 0
github.com/y-maeda1116/discord-trans-helper/ts/node_modules/flatted/golang/pkg/flatted/flatted.go:189.2,191.78 3 0
github.com/y-maeda1116/discord-trans-helper/ts/node_modules/flatted/golang/pkg/flatted/flatted.go:191.78,195.21 4 0
github.com/y-maeda1116/discord-trans-helper/ts/node_modules/flatted/golang/pkg/flatted/flatted.go:195.21,197.4 1 0
github.com/y-maeda1116/discord-trans-helper/ts/node_modules/flatted/golang/pkg/flatted/flatted.go:198.3,198.18 1 0
github.com/y-maeda1116/discord-trans-helper/ts/node_modules/flatted/golang/pkg/flatted/flatted.go:201.2,201.20 1 0
github.com/y-maeda1116/discord-trans-helper/ts/node_modules/flatted/golang/pkg/flatted/flatted.go:201.20,203.3 1 0
github.com/y-maeda1116/discord-trans-helper/ts/node_modules/flatted/golang/pkg/flatted/flatted.go:204.2,204.19 1 0
github.com/y-maeda1116/discord-trans-helper/ts/node_modules/flatted/golang/pkg/flatted/flatted.go:207.75,208.34 1 0
github.com/y-maeda1116/discord-trans-helper/ts/node_modules/flatted/golang/pkg/flatted/flatted.go:208.34,209.25 1 0
github.com/y-maeda1116/discord-trans-helper/ts/node_modules/flatted/golang/pkg/flatted/flatted.go:209.25,211.4 1 0
github.com/y-maeda1116/discord-trans-helper/ts/node_modules/flatted/golang/pkg/flatted/flatted.go:212.8,212.48 1 0
github.com/y-maeda1116/discord-trans-helper/ts/node_modules/flatted/golang/pkg/flatted/flatted.go:212.48,214.20 2 0
github.com/y-maeda1116/discord-trans-helper/ts/node_modules/flatted/golang/pkg/flatted/flatted.go:214.20,216.4 1 0
github.com/y-maeda1116/discord-trans-helper/ts/node_modules/flatted/golang/pkg/flatted/flatted.go:217.3,218.26 2 0
github.com/y-maeda1116/discord-trans-helper/ts/node_modules/flatted/golang/pkg/flatted/flatted.go:218.26,220.4 1 0
github.com/y-maeda1116/discord-trans-helper/ts/node_modules/flatted/golang/pkg/flatted/flatted.go:222.2,222.28 1 0
github.com/y-maeda1116/discord-trans-helper/ts/node_modules/flatted/golang/pkg/flatted/flatted.go:225.61,226.34 1 0
github.com/y-maeda1116/discord-trans-helper/ts/node_modules/flatted/golang/pkg/flatted/flatted.go:226.34,227.25 1 0
github.com/y-maeda1116/discord-trans-helper/ts/node_modules/flatted/golang/pkg/flatted/flatted.go:227.25,228.38 1 0
github.com/y-maeda1116/discord-trans-helper/ts/node_modules/flatted/golang/pkg/flatted/flatted.go:228.38,231.5 2 0
github.com/y-maeda1116/discord-trans-helper/ts/node_modules/flatted/golang/pkg/flatted/flatted.go:233.3,233.13 1 0
github.com/y-maeda1116/discord-trans-helper/ts/node_modules/flatted/golang/pkg/flatted/flatted.go:235.2,235.41 1 0
github.com/y-maeda1116/discord-trans-helper/ts/node_modules/flatted/golang/pkg/flatted/flatted.go:235.41,236.23 1 0
github.com/y-maeda1116/discord-trans-helper/ts/node_modules/flatted/golang/pkg/flatted/flatted.go:236.23,237.38 1 0
github.com/y-maeda1116/discord-trans-helper/ts/node_modules/flatted/golang/pkg/flatted/flatted.go:237.38,240.5 2 0
github.com/y-maeda1116/discord-trans-helper/ts/node_modules/flatted/golang/pkg/flatted/flatted.go:242.3,242.11 1 0
github.com/y-maeda1116/discord-trans-helper/ts/node_modules/flatted/golang/pkg/flatted/flatted.go:244.2,244.14 1 0
github.com/y-maeda1116/discord-trans-helper/ts/node_modules/flatted/golang/pkg/flatted/flatted.go:247.60,249.78 2 0
github.com/y-maeda1116/discord-trans-helper/ts/node_modules/flatted/golang/pkg/flatted/flatted.go:249.78,251.16 2 0
github.com/y-maeda1116/discord-trans-helper/ts/node_modules/flatted/golang/pkg/flatted/flatted.go:251.16,254.4 2 0
github.com/y-maeda1116/discord-trans-helper/ts/node_modules/flatted/golang/pkg/flatted/flatted.go:256.2,256.14 1 0
github.com/y-maeda1116/discord-trans-helper/ts/node_modules/flatted/golang/pkg/flatted/flatted.go:260.37,262.16 2 0
github.com/y-maeda1116/discord-trans-helper/ts/node_modules/flatted/golang/pkg/flatted/flatted.go:262.16,264.3 1 0
github.com/y-maeda1116/discord-trans-helper/ts/node_modules/flatted/golang/pkg/flatted/flatted.go:265.2,267.17 3 0
github.com/y-maeda1116/discord-trans-helper/ts/node_modules/flatted/golang/pkg/flatted/flatted.go:271.39,273.16 2 0
github.com/y-maeda1116/discord-trans-helper/ts/node_modules/flatted/golang/pkg/flatted/flatted.go:273.16,275.3 1 0
github.com/y-maeda1116/discord-trans-helper/ts/node_modules/flatted/golang/pkg/flatted/flatted.go:276.2,276.30 1 0
github.com/y-maeda1116/discord-trans-helper/cmd/app/main.go:14.13,19.16 3 0
github.com/y-maeda1116/discord-trans-helper/cmd/app/main.go:19.16,21.3 1 0
github.com/y-maeda1116/discord-trans-helper/cmd/app/main.go:22.2,25.75 2 0
github.com/y-maeda1116/discord-trans-helper/cmd/app/main.go:25.75,26.53 1 0
github.com/y-maeda1116/discord-trans-helper/cmd/app/main.go:26.53,28.4 1 0
github.com/y-maeda1116/discord-trans-helper/cmd/app/main.go:30.2,30.63 1 0
github.com/y-maeda1116/discord-trans-helper/cmd/app/main.go:30.63,32.3 1 0
github.com/y-maeda1116/discord-trans-helper/cmd/app/main.go:34.2,37.34 2 0
github.com/y-maeda1116/discord-trans-helper/cmd/app/main.go:37.34,39.3 1 0
github.com/y-maeda1116/discord-trans-helper/cmd/app/main.go:42.2,47.16 2 0
github.com/y-maeda1116/discord-trans-helper/cmd/app/main.go:47.16,49.3 1 0
github.com/y-maeda1116/discord-trans-helper/cmd/app/main.go:51.2,57.44 5 0
github.com/y-maeda1116/discord-trans-helper/internal/config/config.go:17.21,18.40 1 2
github.com/y-maeda1116/discord-trans-helper/internal/config/config.go:18.40,20.3 1 2
github.com/y-maeda1116/discord-trans-helper/internal/config/config.go:22.2,27.28 2 2
github.com/y-maeda1116/discord-trans-helper/internal/config/config.go:27.28,29.3 1 0
github.com/y-maeda1116/discord-trans-helper/internal/config/config.go:30.2,30.28 1 2
github.com/y-maeda1116/discord-trans-helper/internal/config/config.go:30.28,32.3 1 0
github.com/y-maeda1116/discord-trans-helper/internal/config/config.go:34.2,34.12 1 2
